<?xml version="1.0" encoding="UTF-8"?>
<testsuite xmlns:xsi="http://www.w3.org/2001/XMLSchema-instance" xsi:noNamespaceSchemaLocation="https://maven.apache.org/surefire/maven-surefire-plugin/xsd/surefire-test-report.xsd" name="za.ac.cput.studentaccount.SubjectTest" time="0.158" tests="11" errors="0" skipped="6" failures="1">
  <properties>
    <property name="gopherProxySet" value="false"/>
    <property name="awt.toolkit" value="sun.lwawt.macosx.LWCToolkit"/>
    <property name="java.specification.version" value="11"/>
    <property name="sun.cpu.isalist" value=""/>
    <property name="sun.jnu.encoding" value="UTF-8"/>
    <property name="java.class.path" value="/Users/mogamadgithr/NetBeansProjects/StudentAccount/target/test-classes:/Users/mogamadgithr/NetBeansProjects/StudentAccount/target/classes:/Users/mogamadgithr/.m2/repository/org/junit/jupiter/junit-jupiter-engine/5.6.3/junit-jupiter-engine-5.6.3.jar:/Users/mogamadgithr/.m2/repository/org/apiguardian/apiguardian-api/1.1.0/apiguardian-api-1.1.0.jar:/Users/mogamadgithr/.m2/repository/org/junit/platform/junit-platform-engine/1.6.3/junit-platform-engine-1.6.3.jar:/Users/mogamadgithr/.m2/repository/org/opentest4j/opentest4j/1.2.0/opentest4j-1.2.0.jar:/Users/mogamadgithr/.m2/repository/org/junit/platform/junit-platform-commons/1.6.3/junit-platform-commons-1.6.3.jar:/Users/mogamadgithr/.m2/repository/org/junit/jupiter/junit-jupiter-api/5.6.3/junit-jupiter-api-5.6.3.jar:/Users/mogamadgithr/.m2/repository/junit/junit/4.13.1/junit-4.13.1.jar:/Users/mogamadgithr/.m2/repository/org/hamcrest/hamcrest-core/1.3/hamcrest-core-1.3.jar:"/>
    <property name="java.vm.vendor" value="Oracle Corporation"/>
    <property name="sun.arch.data.model" value="64"/>
    <property name="java.vendor.url" value="https://openjdk.java.net/"/>
    <property name="user.timezone" value=""/>
    <property name="java.vm.specification.version" value="11"/>
    <property name="os.name" value="Mac OS X"/>
    <property name="user.country" value="ZA"/>
    <property name="sun.java.launcher" value="SUN_STANDARD"/>
    <property name="sun.boot.library.path" value="/Library/Java/JavaVirtualMachines/jdk-11.0.10.jdk/Contents/Home/lib"/>
    <property name="sun.java.command" value="/Users/mogamadgithr/NetBeansProjects/StudentAccount/target/surefire/surefirebooter15722675535474765901.jar /Users/mogamadgithr/NetBeansProjects/StudentAccount/target/surefire 2021-04-01T21-33-11_278-jvmRun1 surefire15141054015361530797tmp surefire_013985802684117341106tmp"/>
    <property name="http.nonProxyHosts" value="local|*.local|169.254/16|*.169.254/16"/>
    <property name="jdk.debug" value="release"/>
    <property name="test" value="za.ac.cput.studentaccount.SubjectTest"/>
    <property name="surefire.test.class.path" value="/Users/mogamadgithr/NetBeansProjects/StudentAccount/target/test-classes:/Users/mogamadgithr/NetBeansProjects/StudentAccount/target/classes:/Users/mogamadgithr/.m2/repository/org/junit/jupiter/junit-jupiter-engine/5.6.3/junit-jupiter-engine-5.6.3.jar:/Users/mogamadgithr/.m2/repository/org/apiguardian/apiguardian-api/1.1.0/apiguardian-api-1.1.0.jar:/Users/mogamadgithr/.m2/repository/org/junit/platform/junit-platform-engine/1.6.3/junit-platform-engine-1.6.3.jar:/Users/mogamadgithr/.m2/repository/org/opentest4j/opentest4j/1.2.0/opentest4j-1.2.0.jar:/Users/mogamadgithr/.m2/repository/org/junit/platform/junit-platform-commons/1.6.3/junit-platform-commons-1.6.3.jar:/Users/mogamadgithr/.m2/repository/org/junit/jupiter/junit-jupiter-api/5.6.3/junit-jupiter-api-5.6.3.jar:/Users/mogamadgithr/.m2/repository/junit/junit/4.13.1/junit-4.13.1.jar:/Users/mogamadgithr/.m2/repository/org/hamcrest/hamcrest-core/1.3/hamcrest-core-1.3.jar:"/>
    <property name="sun.cpu.endian" value="little"/>
    <property name="user.home" value="/Users/mogamadgithr"/>
    <property name="user.language" value="en"/>
    <property name="java.specification.vendor" value="Oracle Corporation"/>
    <property name="java.version.date" value="2021-01-19"/>
    <property name="java.home" value="/Library/Java/JavaVirtualMachines/jdk-11.0.10.jdk/Contents/Home"/>
    <property name="file.separator" value="/"/>
    <property name="basedir" value="/Users/mogamadgithr/NetBeansProjects/StudentAccount"/>
    <property name="java.vm.compressedOopsMode" value="Zero based"/>
    <property name="line.separator" value="&#10;"/>
    <property name="java.specification.name" value="Java Platform API Specification"/>
    <property name="java.vm.specification.vendor" value="Oracle Corporation"/>
    <property name="java.awt.graphicsenv" value="sun.awt.CGraphicsEnvironment"/>
    <property name="surefire.real.class.path" value="/Users/mogamadgithr/NetBeansProjects/StudentAccount/target/surefire/surefirebooter15722675535474765901.jar"/>
    <property name="sun.management.compiler" value="HotSpot 64-Bit Tiered Compilers"/>
    <property name="ftp.nonProxyHosts" value="local|*.local|169.254/16|*.169.254/16"/>
    <property name="java.runtime.version" value="11.0.10+8-LTS-162"/>
    <property name="user.name" value="mogamadgithr"/>
    <property name="path.separator" value=":"/>
    <property name="os.version" value="10.16"/>
    <property name="java.runtime.name" value="Java(TM) SE Runtime Environment"/>
    <property name="file.encoding" value="UTF-8"/>
    <property name="java.vm.name" value="Java HotSpot(TM) 64-Bit Server VM"/>
    <property name="java.vendor.version" value="18.9"/>
    <property name="maven.ext.class.path" value="/Applications/NetBeans/Apache NetBeans 12.3.app/Contents/Resources/NetBeans/netbeans/java/maven-nblib/netbeans-eventspy.jar"/>
    <property name="localRepository" value="/Users/mogamadgithr/.m2/repository"/>
    <property name="java.vendor.url.bug" value="https://bugreport.java.com/bugreport/"/>
    <property name="java.io.tmpdir" value="/var/folders/4r/d0k15svs33339cb79h7hb0l80000gn/T/"/>
    <property name="java.version" value="11.0.10"/>
    <property name="user.dir" value="/Users/mogamadgithr/NetBeansProjects/StudentAccount"/>
    <property name="os.arch" value="x86_64"/>
    <property name="java.vm.specification.name" value="Java Virtual Machine Specification"/>
    <property name="java.awt.printerjob" value="sun.lwawt.macosx.CPrinterJob"/>
    <property name="sun.os.patch.level" value="unknown"/>
    <property name="java.library.path" value="/Users/mogamadgithr/Library/Java/Extensions:/Library/Java/Extensions:/Network/Library/Java/Extensions:/System/Library/Java/Extensions:/usr/lib/java:."/>
    <property name="java.vendor" value="Oracle Corporation"/>
    <property name="java.vm.info" value="mixed mode"/>
    <property name="java.vm.version" value="11.0.10+8-LTS-162"/>
    <property name="sun.io.unicode.encoding" value="UnicodeBig"/>
    <property name="java.class.version" value="55.0"/>
    <property name="socksNonProxyHosts" value="local|*.local|169.254/16|*.169.254/16"/>
  </properties>
  <testcase name="testToString" classname="za.ac.cput.studentaccount.SubjectTest" time="0.104">
    <failure message="expected: &lt;&gt; but was: &lt;Subject{type=null, code=null, name=null}&gt;" type="org.opentest4j.AssertionFailedError"><![CDATA[org.opentest4j.AssertionFailedError: expected: <> but was: <Subject{type=null, code=null, name=null}>
	at za.ac.cput.studentaccount.SubjectTest.testToString(SubjectTest.java:170)
]]></failure>
    <system-out><![CDATA[toString
]]></system-out>
  </testcase>
  <testcase name="testGetCode" classname="za.ac.cput.studentaccount.SubjectTest" time="0">
    <skipped message="public void za.ac.cput.studentaccount.SubjectTest.testGetCode() is @Disabled"/>
  </testcase>
  <testcase name="testGetName" classname="za.ac.cput.studentaccount.SubjectTest" time="0">
    <skipped message="public void za.ac.cput.studentaccount.SubjectTest.testGetName() is @Disabled"/>
  </testcase>
  <testcase name="testGetType" classname="za.ac.cput.studentaccount.SubjectTest" time="0">
    <skipped message="public void za.ac.cput.studentaccount.SubjectTest.testGetType() is @Disabled"/>
  </testcase>
  <testcase name="testdisable" classname="za.ac.cput.studentaccount.SubjectTest" time="0">
    <skipped message="public void za.ac.cput.studentaccount.SubjectTest.testdisable() is @Disabled"/>
  </testcase>
  <testcase name="infinity" classname="za.ac.cput.studentaccount.SubjectTest" time="0.015"/>
  <testcase name="testIdentity" classname="za.ac.cput.studentaccount.SubjectTest" time="0.002"/>
  <testcase name="testEquality" classname="za.ac.cput.studentaccount.SubjectTest" time="0.003"/>
  <testcase name="testSetCode" classname="za.ac.cput.studentaccount.SubjectTest" time="0">
    <skipped message="public void za.ac.cput.studentaccount.SubjectTest.testSetCode() is @Disabled"/>
  </testcase>
  <testcase name="testSetName" classname="za.ac.cput.studentaccount.SubjectTest" time="0.002"/>
  <testcase name="testSetType" classname="za.ac.cput.studentaccount.SubjectTest" time="0">
    <skipped message="public void za.ac.cput.studentaccount.SubjectTest.testSetType() is @Disabled"/>
  </testcase>
</testsuite>